{
  "runTime": "2025-10-26T20:49:26.970Z",
  "summary": {
    "totalFiles": 1,
    "passedFiles": 0,
    "failedFiles": 1,
    "totalTests": 4,
    "passedTests": 3,
    "failedTests": 1,
    "passRate": 75
  },
  "performance": {
    "totalDuration": 74.5098999999991,
    "avgDuration": 18.627474999999777,
    "testCount": 4,
    "slowestTests": [
      {
        "name": "should validate all links in documentation",
        "duration": 55.18529999999964,
        "state": "fail",
        "errors": [
          {
            "message": "Found 2 broken link(s) in documentation:\n  File: docs\\SUBMODULE_INDEX.md\n  Line: 24\n  Link: [SUBMODULE_EXTRACTION_SUMMARY.md](../SUBMODULE_EXTRACTION_SUMMARY.md)\n  Error: Target file not found: ../SUBMODULE_EXTRACTION_SUMMARY.md\n\n  File: docs\\SUBMODULE_INDEX.md\n  Line: 108\n  Link: [EXTRACTION_SUMMARY.md](../SUBMODULE_EXTRACTION_SUMMARY.md)\n  Error: Target file not found: ../SUBMODULE_EXTRACTION_SUMMARY.md",
            "actual": "undefined",
            "expected": "undefined",
            "name": "AssertionError",
            "ok": false,
            "stack": "AssertionError: Found 2 broken link(s) in documentation:\n  File: docs\\SUBMODULE_INDEX.md\n  Line: 24\n  Link: [SUBMODULE_EXTRACTION_SUMMARY.md](../SUBMODULE_EXTRACTION_SUMMARY.md)\n  Error: Target file not found: ../SUBMODULE_EXTRACTION_SUMMARY.md\n\n  File: docs\\SUBMODULE_INDEX.md\n  Line: 108\n  Link: [EXTRACTION_SUMMARY.md](../SUBMODULE_EXTRACTION_SUMMARY.md)\n  Error: Target file not found: ../SUBMODULE_EXTRACTION_SUMMARY.md\n    at C:\\react_scuba_runner\\react-scuba\\tests\\link-checker.test.js:226:14\n    at file:///C:/react_scuba_runner/react-scuba/node_modules/@vitest/runner/dist/chunk-hooks.js:155:11\n    at file:///C:/react_scuba_runner/react-scuba/node_modules/@vitest/runner/dist/chunk-hooks.js:752:26\n    at file:///C:/react_scuba_runner/react-scuba/node_modules/@vitest/runner/dist/chunk-hooks.js:1897:20\n    at new Promise (<anonymous>)\n    at runWithTimeout (file:///C:/react_scuba_runner/react-scuba/node_modules/@vitest/runner/dist/chunk-hooks.js:1863:10)\n    at runTest (file:///C:/react_scuba_runner/react-scuba/node_modules/@vitest/runner/dist/chunk-hooks.js:1574:12)\n    at processTicksAndRejections (node:internal/process/task_queues:103:5)\n    at runSuite (file:///C:/react_scuba_runner/react-scuba/node_modules/@vitest/runner/dist/chunk-hooks.js:1729:8)\n    at runSuite (file:///C:/react_scuba_runner/react-scuba/node_modules/@vitest/runner/dist/chunk-hooks.js:1729:8)",
            "stacks": [
              {
                "method": "",
                "file": "C:/react_scuba_runner/react-scuba/tests/link-checker.test.js",
                "line": 226,
                "column": 14
              }
            ]
          }
        ],
        "fileName": "C:/react_scuba_runner/react-scuba/tests/link-checker.test.js"
      },
      {
        "name": "should find all markdown files",
        "duration": 14.19439999999986,
        "state": "pass",
        "errors": [],
        "fileName": "C:/react_scuba_runner/react-scuba/tests/link-checker.test.js"
      },
      {
        "name": "should validate all links in README.md",
        "duration": 3.784599999999955,
        "state": "pass",
        "errors": [],
        "fileName": "C:/react_scuba_runner/react-scuba/tests/link-checker.test.js"
      },
      {
        "name": "should detect common link issues",
        "duration": 1.3455999999996493,
        "state": "pass",
        "errors": [],
        "fileName": "C:/react_scuba_runner/react-scuba/tests/link-checker.test.js"
      }
    ],
    "slowestFiles": [
      {
        "fileName": "C:/react_scuba_runner/react-scuba/tests/link-checker.test.js",
        "duration": 77.58859999999959,
        "testCount": 4
      }
    ],
    "distribution": [
      {
        "label": "< 10ms",
        "min": 0,
        "max": 10,
        "count": 2
      },
      {
        "label": "10-50ms",
        "min": 10,
        "max": 50,
        "count": 1
      },
      {
        "label": "50-100ms",
        "min": 50,
        "max": 100,
        "count": 1
      },
      {
        "label": "100-500ms",
        "min": 100,
        "max": 500,
        "count": 0
      },
      {
        "label": "> 500ms",
        "min": 500,
        "max": null,
        "count": 0
      }
    ]
  },
  "categories": [
    {
      "category": "tests",
      "fileCount": 1,
      "totalTests": 4,
      "passedTests": 3,
      "failedTests": 1,
      "totalDuration": 77.58859999999959,
      "passRate": 75
    }
  ],
  "files": {
    "C:/react_scuba_runner/react-scuba/tests/link-checker.test.js": {
      "passed": [
        {
          "name": "should find all markdown files",
          "duration": 14.19439999999986,
          "state": "pass",
          "errors": []
        },
        {
          "name": "should validate all links in README.md",
          "duration": 3.784599999999955,
          "state": "pass",
          "errors": []
        },
        {
          "name": "should detect common link issues",
          "duration": 1.3455999999996493,
          "state": "pass",
          "errors": []
        }
      ],
      "failed": [
        {
          "name": "should validate all links in documentation",
          "duration": 55.18529999999964,
          "state": "fail",
          "errors": [
            {
              "message": "Found 2 broken link(s) in documentation:\n  File: docs\\SUBMODULE_INDEX.md\n  Line: 24\n  Link: [SUBMODULE_EXTRACTION_SUMMARY.md](../SUBMODULE_EXTRACTION_SUMMARY.md)\n  Error: Target file not found: ../SUBMODULE_EXTRACTION_SUMMARY.md\n\n  File: docs\\SUBMODULE_INDEX.md\n  Line: 108\n  Link: [EXTRACTION_SUMMARY.md](../SUBMODULE_EXTRACTION_SUMMARY.md)\n  Error: Target file not found: ../SUBMODULE_EXTRACTION_SUMMARY.md",
              "actual": "undefined",
              "expected": "undefined",
              "name": "AssertionError",
              "ok": false,
              "stack": "AssertionError: Found 2 broken link(s) in documentation:\n  File: docs\\SUBMODULE_INDEX.md\n  Line: 24\n  Link: [SUBMODULE_EXTRACTION_SUMMARY.md](../SUBMODULE_EXTRACTION_SUMMARY.md)\n  Error: Target file not found: ../SUBMODULE_EXTRACTION_SUMMARY.md\n\n  File: docs\\SUBMODULE_INDEX.md\n  Line: 108\n  Link: [EXTRACTION_SUMMARY.md](../SUBMODULE_EXTRACTION_SUMMARY.md)\n  Error: Target file not found: ../SUBMODULE_EXTRACTION_SUMMARY.md\n    at C:\\react_scuba_runner\\react-scuba\\tests\\link-checker.test.js:226:14\n    at file:///C:/react_scuba_runner/react-scuba/node_modules/@vitest/runner/dist/chunk-hooks.js:155:11\n    at file:///C:/react_scuba_runner/react-scuba/node_modules/@vitest/runner/dist/chunk-hooks.js:752:26\n    at file:///C:/react_scuba_runner/react-scuba/node_modules/@vitest/runner/dist/chunk-hooks.js:1897:20\n    at new Promise (<anonymous>)\n    at runWithTimeout (file:///C:/react_scuba_runner/react-scuba/node_modules/@vitest/runner/dist/chunk-hooks.js:1863:10)\n    at runTest (file:///C:/react_scuba_runner/react-scuba/node_modules/@vitest/runner/dist/chunk-hooks.js:1574:12)\n    at processTicksAndRejections (node:internal/process/task_queues:103:5)\n    at runSuite (file:///C:/react_scuba_runner/react-scuba/node_modules/@vitest/runner/dist/chunk-hooks.js:1729:8)\n    at runSuite (file:///C:/react_scuba_runner/react-scuba/node_modules/@vitest/runner/dist/chunk-hooks.js:1729:8)",
              "stacks": [
                {
                  "method": "",
                  "file": "C:/react_scuba_runner/react-scuba/tests/link-checker.test.js",
                  "line": 226,
                  "column": 14
                }
              ]
            }
          ]
        }
      ],
      "skipped": [],
      "totalDuration": 77.58859999999959
    }
  }
}